Arguments: 
  C:\Program Files\nodejs\node.exe C:\Program Files (x86)\Yarn\bin\yarn.js install backo

PATH: 
  C:\ProgramData\Oracle\Java\javapath;C:\Windows\system32;C:\Windows;C:\Windows\System32\Wbem;C:\Windows\System32\WindowsPowerShell\v1.0\;C:\Program Files (x86)\NVIDIA Corporation\PhysX\Common;C:\Program Files (x86)\EgisTec BioExcess\x64;C:\Program Files (x86)\EgisTec BioExcess\;C:\Users\filippo\.dnx\bin;C:\Program Files\Microsoft DNX\Dnvm\;C:\Program Files\Microsoft SQL Server\130\Tools\Binn\;C:\Program Files (x86)\Livestreamer;C:\WINDOWS\system32;C:\WINDOWS;C:\WINDOWS\System32\Wbem;C:\WINDOWS\System32\WindowsPowerShell\v1.0\;C:\Program Files (x86)\QuickTime Alternative\QTSystem;C:\Program Files\CMake\bin;C:\Program Files (x86)\QuickTime Alternative\QTSystem\;C:\Program Files\Git\cmd;C:\Program Files (x86)\Yarn\bin\;C:\WINDOWS\System32\OpenSSH\;C:\Android;C:\Program Files (x86)\WinMerge;C:\Program Files (x86)\STMicroelectronics\STM32 ST-LINK Utility\ST-LINK Utility;C:\Go\bin;C:\Program Files\nodejs\;C:\openssl-0.9.8k_X64\bin;C:\Program Files (x86)\Java\jre1.8.0_101\bin;;C:\Program Files\NVIDIA Corporation\NVIDIA NvDLISR;C:\Program Files\Microsoft VS Code\bin;C:\Users\filippo\AppData\Local\Streamlink\bin;C:\Users\filippo\AppData\Local\Programs\Python\Python36\Scripts\;C:\Users\filippo\AppData\Local\Programs\Python\Python36\;C:\Users\filippo\AppData\Local\Programs\Python\Python35\Scripts\;C:\Program Files (x86)\Microsoft SDKs\Windows\v10.0A\bin\NETFX 4.6 Tools;C:\Windows\Microsoft.NET\Framework\v4.0.30319;C:\Python27;C:\Python27\Scripts;C:\Users\filippo\AppData\Local\Microsoft\WindowsApps;C:\Users\filippo\AppData\Local\Scripts;C:\Program Files\Microsoft VS Code\bin;C:\Users\filippo\AppData\Local\Yarn\bin;C:\Users\filippo\go\bin;C:\Users\filippo\AppData\Roaming\npm;C:\Program Files (x86)\Java\jre1.8.0_101\bin;C:\Users\filippo\AppData\Roaming\Dashlane\6.1841.0.13779\bin\Firefox_Extension\{442718d9-475e-452a-b3e1-fb1ee16b8e9f}\components;C:\Users\filippo\AppData\Roaming\Dashlane\6.1841.0.13779\ucrt;C:\Users\filippo\AppData\Roaming\Dashlane\6.1841.0.13779\bin\Qt;C:\Users\filippo\AppData\Roaming\Dashlane\6.1841.0.13779\ucrt;C:\Users\filippo\AppData\Roaming\Dashlane\6.1841.0.13779\bin\Ssl

Yarn version: 
  1.5.1

Node version: 
  10.13.0

Platform: 
  win32 x64

npm manifest: 
  {
    "name": "@filippovigani/listenjs",
    "version": "0.1.2",
    "description": "Listen on REST endpoints for resource changes",
    "license": "GPLv3",
    "repository": "VeegaP/listenjs",
    "main": "listen.js",
    "keywords": [
      "listenjs",
      "observe",
      "observable",
      "rxjs",
      "ws",
      "websocket"
    ],
    "dependencies": {
      "parseuri": "0.0.5",
      "socket.io-client": "^2.2.0"
    }
  }

yarn manifest: 
  No manifest

Lockfile: 
  No lockfile

Trace: 
  Error: `install` has been replaced with `add` to add new dependencies. Run "yarn add backo" instead.
      at new MessageError (C:\Program Files (x86)\Yarn\lib\cli.js:186:110)
      at Object.<anonymous> (C:\Program Files (x86)\Yarn\lib\cli.js:21987:13)
      at Generator.next (<anonymous>)
      at step (C:\Program Files (x86)\Yarn\lib\cli.js:98:30)
      at C:\Program Files (x86)\Yarn\lib\cli.js:109:13
